<?xml version="1.0" encoding="UTF-8"?>
<!-- Generated by org.testng.reporters.JUnitXMLReporter -->
<testsuite hostname="user-PC" name="chromeTest" tests="7" failures="4" timestamp="22 Aug 2019 07:57:13 GMT" time="105.662" errors="0">
  <testcase name="LoginTest" time="5.014" classname="com.clc.hybrid.testcases.TC_Login_01">
    <failure type="java.lang.AssertionError" message="expected [true] but found [false]">
      <![CDATA[java.lang.AssertionError: expected [true] but found [false]
	at com.clc.hybrid.testcases.TC_Login_01.LoginTest(TC_Login_01.java:29)
... Removed 28 stack frames]]>
    </failure>
  </testcase> <!-- LoginTest -->
  <testcase name="loginDDT" time="14.922" classname="com.clc.hybrid.testcases.TC_loginDDT_002"/>
  <testcase name="loginDDT" time="6.62" classname="com.clc.hybrid.testcases.TC_loginDDT_002">
    <failure type="java.lang.AssertionError" message="expected [true] but found [false]">
      <![CDATA[java.lang.AssertionError: expected [true] but found [false]
	at com.clc.hybrid.testcases.TC_loginDDT_002.loginDDT(TC_loginDDT_002.java:27)
... Removed 28 stack frames]]>
    </failure>
  </testcase> <!-- loginDDT -->
  <testcase name="loginDDT" time="7.361" classname="com.clc.hybrid.testcases.TC_loginDDT_002">
    <failure type="java.lang.AssertionError" message="expected [true] but found [false]">
      <![CDATA[java.lang.AssertionError: expected [true] but found [false]
	at com.clc.hybrid.testcases.TC_loginDDT_002.loginDDT(TC_loginDDT_002.java:27)
... Removed 28 stack frames]]>
    </failure>
  </testcase> <!-- loginDDT -->
  <testcase name="loginDDT" time="8.17" classname="com.clc.hybrid.testcases.TC_loginDDT_002">
    <failure type="java.lang.AssertionError" message="expected [true] but found [false]">
      <![CDATA[java.lang.AssertionError: expected [true] but found [false]
	at com.clc.hybrid.testcases.TC_loginDDT_002.loginDDT(TC_loginDDT_002.java:27)
... Removed 28 stack frames]]>
    </failure>
  </testcase> <!-- loginDDT -->
  <testcase name="loginDDT" time="14.014" classname="com.clc.hybrid.testcases.TC_loginDDT_002"/>
  <testcase name="addCustomer" time="16.44" classname="com.clc.hybrid.testcases.TC_AddCustomerTest_003"/>
</testsuite> <!-- chromeTest -->
