<!DOCTYPE html PUBLIC "-//W3C//DTD XHTML 1.1//EN" "http://www.w3.org/TR/xhtml11/DTD/xhtml11.dtd">
<html xmlns="http://www.w3.org/1999/xhtml"><head><title>TestNG Report</title><style type="text/css">table {margin-bottom:10px;border-collapse:collapse;empty-cells:show}th,td {border:1px solid #009;padding:.25em .5em}th {vertical-align:bottom}td {vertical-align:top}table a {font-weight:bold}.stripe td {background-color: #E6EBF9}.num {text-align:right}.passedodd td {background-color: #3F3}.passedeven td {background-color: #0A0}.skippedodd td {background-color: #DDD}.skippedeven td {background-color: #CCC}.failedodd td,.attn {background-color: #F33}.failedeven td,.stripe .attn {background-color: #D00}.stacktrace {white-space:pre;font-family:monospace}.totop {font-size:85%;text-align:center;border-bottom:2px solid #000}</style></head><body><table><tr><th>Test</th><th># Passed</th><th># Skipped</th><th># Failed</th><th>Time (ms)</th><th>Included Groups</th><th>Excluded Groups</th></tr><tr><th colspan="7">Suite</th></tr><tr><td><a href="#t0">chromeTest</a></td><td class="num">3</td><td class="num">0</td><td class="num attn">4</td><td class="num">105,662</td><td></td><td></td></tr></table><table><thead><tr><th>Class</th><th>Method</th><th>Start</th><th>Time (ms)</th></tr></thead><tbody><tr><th colspan="4">Suite</th></tr></tbody><tbody id="t0"><tr><th colspan="4">chromeTest &#8212; failed</th></tr><tr class="failedeven"><td rowspan="1">com.clc.hybrid.testcases.TC_Login_01</td><td><a href="#m0">LoginTest</a></td><td rowspan="1">1566460537654</td><td rowspan="1">5014</td></tr><tr class="failedodd"><td rowspan="3">com.clc.hybrid.testcases.TC_loginDDT_002</td><td><a href="#m1">loginDDT</a></td><td rowspan="3">1566460584702</td><td rowspan="3">8170</td></tr><tr class="failedodd"><td><a href="#m2">loginDDT</a></td></tr><tr class="failedodd"><td><a href="#m3">loginDDT</a></td></tr><tr><th colspan="4">chromeTest &#8212; passed</th></tr><tr class="passedeven"><td rowspan="1">com.clc.hybrid.testcases.TC_AddCustomerTest_003</td><td><a href="#m4">addCustomer</a></td><td rowspan="1">1566460616646</td><td rowspan="1">16440</td></tr><tr class="passedodd"><td rowspan="2">com.clc.hybrid.testcases.TC_loginDDT_002</td><td><a href="#m5">loginDDT</a></td><td rowspan="2">1566460555793</td><td rowspan="2">14922</td></tr><tr class="passedodd"><td><a href="#m6">loginDDT</a></td></tr></tbody></table><h2>chromeTest</h2><h3 id="m0">com.clc.hybrid.testcases.TC_Login_01#LoginTest</h3><table class="result"><tr><th>Exception</th></tr><tr><td><div class="stacktrace">java.lang.AssertionError: expected [true] but found [false]
	at com.clc.hybrid.testcases.TC_Login_01.LoginTest(TC_Login_01.java:29)
... Removed 28 stack frames</div></td></tr></table><p class="totop"><a href="#summary">back to summary</a></p><h3 id="m1">com.clc.hybrid.testcases.TC_loginDDT_002#loginDDT</h3><table class="result"><tr class="param"><th>Parameter #1</th><th>Parameter #2</th></tr><tr class="param stripe"><td>mngr137319</td><td>bAdYvyb</td></tr><tr><th colspan="2">Exception</th></tr><tr><td colspan="2"><div class="stacktrace">java.lang.AssertionError: expected [true] but found [false]
	at com.clc.hybrid.testcases.TC_loginDDT_002.loginDDT(TC_loginDDT_002.java:27)
... Removed 28 stack frames</div></td></tr></table><p class="totop"><a href="#summary">back to summary</a></p><h3 id="m2">com.clc.hybrid.testcases.TC_loginDDT_002#loginDDT</h3><table class="result"><tr class="param"><th>Parameter #1</th><th>Parameter #2</th></tr><tr class="param stripe"><td>mngr158095</td><td>esevEtu</td></tr><tr><th colspan="2">Exception</th></tr><tr><td colspan="2"><div class="stacktrace">java.lang.AssertionError: expected [true] but found [false]
	at com.clc.hybrid.testcases.TC_loginDDT_002.loginDDT(TC_loginDDT_002.java:27)
... Removed 28 stack frames</div></td></tr></table><p class="totop"><a href="#summary">back to summary</a></p><h3 id="m3">com.clc.hybrid.testcases.TC_loginDDT_002#loginDDT</h3><table class="result"><tr class="param"><th>Parameter #1</th><th>Parameter #2</th></tr><tr class="param stripe"><td>mngr83460</td><td>qAbUzyj</td></tr><tr><th colspan="2">Exception</th></tr><tr><td colspan="2"><div class="stacktrace">java.lang.AssertionError: expected [true] but found [false]
	at com.clc.hybrid.testcases.TC_loginDDT_002.loginDDT(TC_loginDDT_002.java:27)
... Removed 28 stack frames</div></td></tr></table><p class="totop"><a href="#summary">back to summary</a></p><h3 id="m4">com.clc.hybrid.testcases.TC_AddCustomerTest_003#addCustomer</h3><table class="result"></table><p class="totop"><a href="#summary">back to summary</a></p><h3 id="m5">com.clc.hybrid.testcases.TC_loginDDT_002#loginDDT</h3><table class="result"><tr class="param"><th>Parameter #1</th><th>Parameter #2</th></tr><tr class="param stripe"><td>mngr26593</td><td>abc@123</td></tr></table><p class="totop"><a href="#summary">back to summary</a></p><h3 id="m6">com.clc.hybrid.testcases.TC_loginDDT_002#loginDDT</h3><table class="result"><tr class="param"><th>Parameter #1</th><th>Parameter #2</th></tr><tr class="param stripe"><td>mngr26593</td><td>abc@123</td></tr></table><p class="totop"><a href="#summary">back to summary</a></p></body></html>